# JRE version: Java(TM) SE Runtime Environment (21.0.2+13) (build 21.0.2+13-LTS-58)
# Java VM: Java HotSpot(TM) 64-Bit Server VM (21.0.2+13-LTS-58, mixed mode, emulated-client, sharing, tiered, compressed oops, compressed class ptrs, g1 gc, windows-amd64)
GC Precious Log:
 CardTable entry size: 512
 Card Set container configuration: InlinePtr #cards 4 size 8 Array Of Cards #cards 32 size 80 Howl #buckets 8 coarsen threshold 7372 Howl Bitmap #cards 1024 size 144 coarsen threshold 921 Card regions per heap region 1 cards per card region 8192
 CPUs: 16 total, 16 available
 Memory: 32471M
 Large Page Support: Disabled
 NUMA Support: Disabled
 Compressed Oops: Enabled (Zero based)
 Heap Region Size: 4M
 Heap Min Capacity: 8M
 Heap Initial Capacity: 508M
 Heap Max Capacity: 8120M
 Pre-touch: Disabled
 Parallel Workers: 13
 Concurrent Workers: 3
 Concurrent Refinement Workers: 13
 Periodic GC: Disabled
Heap:
 garbage-first heap   total 151552K, used 115957K [0x0000000604800000, 0x0000000800000000)
  region size 4096K, 20 young (81920K), 2 survivors (8192K)
 Metaspace       used 91041K, committed 91968K, reserved 1179648K
  class space    used 12712K, committed 13184K, reserved 1048576K
GC Heap History (20 events):
Event: 2015.357 GC heap after
{Heap after GC invocations=44 (full 4):
 garbage-first heap   total 122880K, used 46069K [0x0000000604800000, 0x0000000800000000)
  region size 4096K, 2 young (8192K), 2 survivors (8192K)
 Metaspace       used 87507K, committed 88384K, reserved 1179648K
  class space    used 12384K, committed 12800K, reserved 1048576K
}
Event: 2047.788 GC heap before
{Heap before GC invocations=44 (full 4):
 garbage-first heap   total 122880K, used 78837K [0x0000000604800000, 0x0000000800000000)
  region size 4096K, 11 young (45056K), 2 survivors (8192K)
 Metaspace       used 87548K, committed 88448K, reserved 1179648K
  class space    used 12394K, committed 12800K, reserved 1048576K
}
Event: 2047.853 GC heap after
{Heap after GC invocations=45 (full 5):
 garbage-first heap   total 122880K, used 34070K [0x0000000604800000, 0x0000000800000000)
  region size 4096K, 0 young (0K), 0 survivors (0K)
 Metaspace       used 87417K, committed 88448K, reserved 1179648K
  class space    used 12365K, committed 12800K, reserved 1048576K
}
Event: 2048.510 GC heap before
{Heap before GC invocations=45 (full 5):
 garbage-first heap   total 122880K, used 99606K [0x0000000604800000, 0x0000000800000000)
  region size 4096K, 17 young (69632K), 0 survivors (0K)
 Metaspace       used 87806K, committed 88704K, reserved 1179648K
  class space    used 12433K, committed 12864K, reserved 1048576K
}
Event: 2048.512 GC heap after
{Heap after GC invocations=46 (full 5):
 garbage-first heap   total 122880K, used 39281K [0x0000000604800000, 0x0000000800000000)
  region size 4096K, 2 young (8192K), 2 survivors (8192K)
 Metaspace       used 87806K, committed 88704K, reserved 1179648K
  class space    used 12433K, committed 12864K, reserved 1048576K
}
Event: 2055.608 GC heap before
{Heap before GC invocations=47 (full 5):
 garbage-first heap   total 122880K, used 96625K [0x0000000604800000, 0x0000000800000000)
  region size 4096K, 16 young (65536K), 2 survivors (8192K)
 Metaspace       used 88692K, committed 89600K, reserved 1179648K
  class space    used 12505K, committed 12928K, reserved 1048576K
}
Event: 2055.612 GC heap after
{Heap after GC invocations=48 (full 5):
 garbage-first heap   total 122880K, used 42846K [0x0000000604800000, 0x0000000800000000)
  region size 4096K, 1 young (4096K), 1 survivors (4096K)
 Metaspace       used 88692K, committed 89600K, reserved 1179648K
  class space    used 12505K, committed 12928K, reserved 1048576K
}
Event: 2071.567 GC heap before
{Heap before GC invocations=48 (full 5):
 garbage-first heap   total 122880K, used 71518K [0x0000000604800000, 0x0000000800000000)
  region size 4096K, 9 young (36864K), 1 survivors (4096K)
 Metaspace       used 88701K, committed 89600K, reserved 1179648K
  class space    used 12507K, committed 12928K, reserved 1048576K
}
Event: 2071.631 GC heap after
{Heap after GC invocations=49 (full 6):
 garbage-first heap   total 122880K, used 34908K [0x0000000604800000, 0x0000000800000000)
  region size 4096K, 0 young (0K), 0 survivors (0K)
 Metaspace       used 88655K, committed 89600K, reserved 1179648K
  class space    used 12499K, committed 12928K, reserved 1048576K
}
Event: 2072.100 GC heap before
{Heap before GC invocations=49 (full 6):
 garbage-first heap   total 122880K, used 100444K [0x0000000604800000, 0x0000000800000000)
  region size 4096K, 17 young (69632K), 0 survivors (0K)
 Metaspace       used 89023K, committed 89920K, reserved 1179648K
  class space    used 12550K, committed 12992K, reserved 1048576K
}
Event: 2072.104 GC heap after
{Heap after GC invocations=50 (full 6):
 garbage-first heap   total 122880K, used 40256K [0x0000000604800000, 0x0000000800000000)
  region size 4096K, 2 young (8192K), 2 survivors (8192K)
 Metaspace       used 89023K, committed 89920K, reserved 1179648K
  class space    used 12550K, committed 12992K, reserved 1048576K
}
Event: 2079.646 GC heap before
{Heap before GC invocations=51 (full 6):
 garbage-first heap   total 122880K, used 97600K [0x0000000604800000, 0x0000000800000000)
  region size 4096K, 16 young (65536K), 2 survivors (8192K)
 Metaspace       used 89913K, committed 90816K, reserved 1179648K
  class space    used 12622K, committed 13056K, reserved 1048576K
}
Event: 2079.650 GC heap after
{Heap after GC invocations=52 (full 6):
 garbage-first heap   total 323584K, used 43769K [0x0000000604800000, 0x0000000800000000)
  region size 4096K, 2 young (8192K), 2 survivors (8192K)
 Metaspace       used 89913K, committed 90816K, reserved 1179648K
  class space    used 12622K, committed 13056K, reserved 1048576K
}
Event: 2090.364 GC heap before
{Heap before GC invocations=52 (full 6):
 garbage-first heap   total 323584K, used 64249K [0x0000000604800000, 0x0000000800000000)
  region size 4096K, 9 young (36864K), 2 survivors (8192K)
 Metaspace       used 89922K, committed 90816K, reserved 1179648K
  class space    used 12624K, committed 13056K, reserved 1048576K
}
Event: 2090.368 GC heap after
{Heap after GC invocations=53 (full 6):
 garbage-first heap   total 323584K, used 45008K [0x0000000604800000, 0x0000000800000000)
  region size 4096K, 2 young (8192K), 2 survivors (8192K)
 Metaspace       used 89922K, committed 90816K, reserved 1179648K
  class space    used 12624K, committed 13056K, reserved 1048576K
}
Event: 2591.554 GC heap before
{Heap before GC invocations=54 (full 6):
 garbage-first heap   total 204800K, used 139216K [0x0000000604800000, 0x0000000800000000)
  region size 4096K, 26 young (106496K), 2 survivors (8192K)
 Metaspace       used 89965K, committed 90880K, reserved 1179648K
  class space    used 12631K, committed 13056K, reserved 1048576K
}
Event: 2591.623 GC heap after
{Heap after GC invocations=55 (full 7):
 garbage-first heap   total 151552K, used 39905K [0x0000000604800000, 0x0000000800000000)
  region size 4096K, 0 young (0K), 0 survivors (0K)
 Metaspace       used 89924K, committed 90880K, reserved 1179648K
  class space    used 12625K, committed 13056K, reserved 1048576K
}
Event: 2592.241 GC heap before
{Heap before GC invocations=55 (full 7):
 garbage-first heap   total 151552K, used 130017K [0x0000000604800000, 0x0000000800000000)
  region size 4096K, 22 young (90112K), 0 survivors (0K)
 Metaspace       used 90574K, committed 91520K, reserved 1179648K
  class space    used 12703K, committed 13184K, reserved 1048576K
}
Event: 2592.244 GC heap after
{Heap after GC invocations=56 (full 7):
 garbage-first heap   total 151552K, used 46077K [0x0000000604800000, 0x0000000800000000)
  region size 4096K, 2 young (8192K), 2 survivors (8192K)
 Metaspace       used 90574K, committed 91520K, reserved 1179648K
  class space    used 12703K, committed 13184K, reserved 1048576K
}
Event: 2616.869 GC heap before
{Heap before GC invocations=57 (full 7):
 garbage-first heap   total 151552K, used 115709K [0x0000000604800000, 0x0000000800000000)
  region size 4096K, 20 young (81920K), 2 survivors (8192K)
 Metaspace       used 91041K, committed 91968K, reserved 1179648K
  class space    used 12712K, committed 13184K, reserved 1048576K
}

